<?xml version="1.0" encoding="UTF-8"?>
<!-- Generated by org.testng.reporters.JUnitReportReporter -->
<testsuite hostname="Sia-VAIO" name="se.nackademin.examination.examination_jacoco.ConversorTest" tests="1" failures="0" timestamp="20 Oct 2016 11:44:18 GMT" time="0.001" errors="0">
  <testcase name="testConversorGettersAndSetters" time="0.001" classname="se.nackademin.examination.examination_jacoco.ConversorTest"/>
</testsuite> <!-- se.nackademin.examination.examination_jacoco.ConversorTest -->
